2016-10-05 12:59:39.986 [nioEventLoopGroup-3-2] WARN  io.netty.channel.ChannelInitializer -
				Failed to initialize a channel. Closing: [id: 0xaddad889, /0:0:0:0:0:0:0:1:60370 => /0:0:0:0:0:0:0:1:8008]
java.lang.NoClassDefFoundError: Could not initialize class httpServer.handler.HttpServerHandler
	at httpServer.server.HttpServer$1.initChannel(HttpServer.java:43) ~[classes/:na]
	at httpServer.server.HttpServer$1.initChannel(HttpServer.java:1) ~[classes/:na]
	at io.netty.channel.ChannelInitializer.channelRegistered(ChannelInitializer.java:69) ~[netty-all-5.0.0.Alpha1.jar:5.0.0.Alpha1]
	at io.netty.channel.ChannelHandlerInvokerUtil.invokeChannelRegisteredNow(ChannelHandlerInvokerUtil.java:30) [netty-all-5.0.0.Alpha1.jar:5.0.0.Alpha1]
	at io.netty.channel.DefaultChannelHandlerInvoker.invokeChannelRegistered(DefaultChannelHandlerInvoker.java:49) [netty-all-5.0.0.Alpha1.jar:5.0.0.Alpha1]
	at io.netty.channel.DefaultChannelHandlerContext.fireChannelRegistered(DefaultChannelHandlerContext.java:285) [netty-all-5.0.0.Alpha1.jar:5.0.0.Alpha1]
	at io.netty.channel.DefaultChannelPipeline.fireChannelRegistered(DefaultChannelPipeline.java:801) [netty-all-5.0.0.Alpha1.jar:5.0.0.Alpha1]
	at io.netty.channel.AbstractChannel$AbstractUnsafe.register0(AbstractChannel.java:427) [netty-all-5.0.0.Alpha1.jar:5.0.0.Alpha1]
	at io.netty.channel.AbstractChannel$AbstractUnsafe.access$100(AbstractChannel.java:369) [netty-all-5.0.0.Alpha1.jar:5.0.0.Alpha1]
	at io.netty.channel.AbstractChannel$AbstractUnsafe$1.run(AbstractChannel.java:403) [netty-all-5.0.0.Alpha1.jar:5.0.0.Alpha1]
	at io.netty.util.concurrent.SingleThreadEventExecutor.runAllTasks(SingleThreadEventExecutor.java:318) [netty-all-5.0.0.Alpha1.jar:5.0.0.Alpha1]
	at io.netty.channel.nio.NioEventLoop.run(NioEventLoop.java:353) [netty-all-5.0.0.Alpha1.jar:5.0.0.Alpha1]
	at io.netty.util.concurrent.SingleThreadEventExecutor$5.run(SingleThreadEventExecutor.java:794) [netty-all-5.0.0.Alpha1.jar:5.0.0.Alpha1]
	at java.lang.Thread.run(Thread.java:745) [na:1.8.0_92]
2016-10-05 12:59:39.986 [nioEventLoopGroup-3-1] WARN  io.netty.channel.ChannelInitializer -
				Failed to initialize a channel. Closing: [id: 0x5bcaea2e, /0:0:0:0:0:0:0:1:60369 => /0:0:0:0:0:0:0:1:8008]
java.lang.ExceptionInInitializerError: null
	at httpServer.server.HttpServer$1.initChannel(HttpServer.java:43) ~[classes/:na]
	at httpServer.server.HttpServer$1.initChannel(HttpServer.java:1) ~[classes/:na]
	at io.netty.channel.ChannelInitializer.channelRegistered(ChannelInitializer.java:69) ~[netty-all-5.0.0.Alpha1.jar:5.0.0.Alpha1]
	at io.netty.channel.ChannelHandlerInvokerUtil.invokeChannelRegisteredNow(ChannelHandlerInvokerUtil.java:30) [netty-all-5.0.0.Alpha1.jar:5.0.0.Alpha1]
	at io.netty.channel.DefaultChannelHandlerInvoker.invokeChannelRegistered(DefaultChannelHandlerInvoker.java:49) [netty-all-5.0.0.Alpha1.jar:5.0.0.Alpha1]
	at io.netty.channel.DefaultChannelHandlerContext.fireChannelRegistered(DefaultChannelHandlerContext.java:285) [netty-all-5.0.0.Alpha1.jar:5.0.0.Alpha1]
	at io.netty.channel.DefaultChannelPipeline.fireChannelRegistered(DefaultChannelPipeline.java:801) [netty-all-5.0.0.Alpha1.jar:5.0.0.Alpha1]
	at io.netty.channel.AbstractChannel$AbstractUnsafe.register0(AbstractChannel.java:427) [netty-all-5.0.0.Alpha1.jar:5.0.0.Alpha1]
	at io.netty.channel.AbstractChannel$AbstractUnsafe.access$100(AbstractChannel.java:369) [netty-all-5.0.0.Alpha1.jar:5.0.0.Alpha1]
	at io.netty.channel.AbstractChannel$AbstractUnsafe$1.run(AbstractChannel.java:403) [netty-all-5.0.0.Alpha1.jar:5.0.0.Alpha1]
	at io.netty.util.concurrent.SingleThreadEventExecutor.runAllTasks(SingleThreadEventExecutor.java:318) [netty-all-5.0.0.Alpha1.jar:5.0.0.Alpha1]
	at io.netty.channel.nio.NioEventLoop.run(NioEventLoop.java:353) [netty-all-5.0.0.Alpha1.jar:5.0.0.Alpha1]
	at io.netty.util.concurrent.SingleThreadEventExecutor$5.run(SingleThreadEventExecutor.java:794) [netty-all-5.0.0.Alpha1.jar:5.0.0.Alpha1]
	at java.lang.Thread.run(Thread.java:745) [na:1.8.0_92]
Caused by: java.util.regex.PatternSyntaxException: Unclosed character class near index 9
.*[<>&\].*
         ^
	at java.util.regex.Pattern.error(Pattern.java:1955) ~[na:1.8.0_92]
	at java.util.regex.Pattern.clazz(Pattern.java:2548) ~[na:1.8.0_92]
	at java.util.regex.Pattern.sequence(Pattern.java:2063) ~[na:1.8.0_92]
	at java.util.regex.Pattern.expr(Pattern.java:1996) ~[na:1.8.0_92]
	at java.util.regex.Pattern.compile(Pattern.java:1696) ~[na:1.8.0_92]
	at java.util.regex.Pattern.<init>(Pattern.java:1351) ~[na:1.8.0_92]
	at java.util.regex.Pattern.compile(Pattern.java:1028) ~[na:1.8.0_92]
	at httpServer.handler.HttpServerHandler.<clinit>(HttpServerHandler.java:116) ~[classes/:na]
	... 14 common frames omitted
2016-10-05 12:59:40.008 [nioEventLoopGroup-3-3] WARN  io.netty.channel.ChannelInitializer -
				Failed to initialize a channel. Closing: [id: 0xcf802aa1, /0:0:0:0:0:0:0:1:60371 => /0:0:0:0:0:0:0:1:8008]
java.lang.NoClassDefFoundError: Could not initialize class httpServer.handler.HttpServerHandler
	at httpServer.server.HttpServer$1.initChannel(HttpServer.java:43) ~[classes/:na]
	at httpServer.server.HttpServer$1.initChannel(HttpServer.java:1) ~[classes/:na]
	at io.netty.channel.ChannelInitializer.channelRegistered(ChannelInitializer.java:69) ~[netty-all-5.0.0.Alpha1.jar:5.0.0.Alpha1]
	at io.netty.channel.ChannelHandlerInvokerUtil.invokeChannelRegisteredNow(ChannelHandlerInvokerUtil.java:30) [netty-all-5.0.0.Alpha1.jar:5.0.0.Alpha1]
	at io.netty.channel.DefaultChannelHandlerInvoker.invokeChannelRegistered(DefaultChannelHandlerInvoker.java:49) [netty-all-5.0.0.Alpha1.jar:5.0.0.Alpha1]
	at io.netty.channel.DefaultChannelHandlerContext.fireChannelRegistered(DefaultChannelHandlerContext.java:285) [netty-all-5.0.0.Alpha1.jar:5.0.0.Alpha1]
	at io.netty.channel.DefaultChannelPipeline.fireChannelRegistered(DefaultChannelPipeline.java:801) [netty-all-5.0.0.Alpha1.jar:5.0.0.Alpha1]
	at io.netty.channel.AbstractChannel$AbstractUnsafe.register0(AbstractChannel.java:427) [netty-all-5.0.0.Alpha1.jar:5.0.0.Alpha1]
	at io.netty.channel.AbstractChannel$AbstractUnsafe.access$100(AbstractChannel.java:369) [netty-all-5.0.0.Alpha1.jar:5.0.0.Alpha1]
	at io.netty.channel.AbstractChannel$AbstractUnsafe$1.run(AbstractChannel.java:403) [netty-all-5.0.0.Alpha1.jar:5.0.0.Alpha1]
	at io.netty.util.concurrent.SingleThreadEventExecutor.runAllTasks(SingleThreadEventExecutor.java:318) [netty-all-5.0.0.Alpha1.jar:5.0.0.Alpha1]
	at io.netty.channel.nio.NioEventLoop.run(NioEventLoop.java:353) [netty-all-5.0.0.Alpha1.jar:5.0.0.Alpha1]
	at io.netty.util.concurrent.SingleThreadEventExecutor$5.run(SingleThreadEventExecutor.java:794) [netty-all-5.0.0.Alpha1.jar:5.0.0.Alpha1]
	at java.lang.Thread.run(Thread.java:745) [na:1.8.0_92]
2016-10-05 13:00:40.277 [nioEventLoopGroup-3-4] WARN  io.netty.channel.ChannelInitializer -
				Failed to initialize a channel. Closing: [id: 0xcdf51270, /0:0:0:0:0:0:0:1:60403 => /0:0:0:0:0:0:0:1:8008]
java.lang.NoClassDefFoundError: Could not initialize class httpServer.handler.HttpServerHandler
	at httpServer.server.HttpServer$1.initChannel(HttpServer.java:43) ~[classes/:na]
	at httpServer.server.HttpServer$1.initChannel(HttpServer.java:1) ~[classes/:na]
	at io.netty.channel.ChannelInitializer.channelRegistered(ChannelInitializer.java:69) ~[netty-all-5.0.0.Alpha1.jar:5.0.0.Alpha1]
	at io.netty.channel.ChannelHandlerInvokerUtil.invokeChannelRegisteredNow(ChannelHandlerInvokerUtil.java:30) [netty-all-5.0.0.Alpha1.jar:5.0.0.Alpha1]
	at io.netty.channel.DefaultChannelHandlerInvoker.invokeChannelRegistered(DefaultChannelHandlerInvoker.java:49) [netty-all-5.0.0.Alpha1.jar:5.0.0.Alpha1]
	at io.netty.channel.DefaultChannelHandlerContext.fireChannelRegistered(DefaultChannelHandlerContext.java:285) [netty-all-5.0.0.Alpha1.jar:5.0.0.Alpha1]
	at io.netty.channel.DefaultChannelPipeline.fireChannelRegistered(DefaultChannelPipeline.java:801) [netty-all-5.0.0.Alpha1.jar:5.0.0.Alpha1]
	at io.netty.channel.AbstractChannel$AbstractUnsafe.register0(AbstractChannel.java:427) [netty-all-5.0.0.Alpha1.jar:5.0.0.Alpha1]
	at io.netty.channel.AbstractChannel$AbstractUnsafe.access$100(AbstractChannel.java:369) [netty-all-5.0.0.Alpha1.jar:5.0.0.Alpha1]
	at io.netty.channel.AbstractChannel$AbstractUnsafe$1.run(AbstractChannel.java:403) [netty-all-5.0.0.Alpha1.jar:5.0.0.Alpha1]
	at io.netty.util.concurrent.SingleThreadEventExecutor.runAllTasks(SingleThreadEventExecutor.java:318) [netty-all-5.0.0.Alpha1.jar:5.0.0.Alpha1]
	at io.netty.channel.nio.NioEventLoop.run(NioEventLoop.java:353) [netty-all-5.0.0.Alpha1.jar:5.0.0.Alpha1]
	at io.netty.util.concurrent.SingleThreadEventExecutor$5.run(SingleThreadEventExecutor.java:794) [netty-all-5.0.0.Alpha1.jar:5.0.0.Alpha1]
	at java.lang.Thread.run(Thread.java:745) [na:1.8.0_92]
2016-10-05 13:01:04.524 [nioEventLoopGroup-3-2] WARN  io.netty.channel.ChannelInitializer -
				Failed to initialize a channel. Closing: [id: 0xdbaefdd4, /0:0:0:0:0:0:0:1:60443 => /0:0:0:0:0:0:0:1:8008]
java.lang.ExceptionInInitializerError: null
	at httpServer.server.HttpServer$1.initChannel(HttpServer.java:43) ~[classes/:na]
	at httpServer.server.HttpServer$1.initChannel(HttpServer.java:1) ~[classes/:na]
	at io.netty.channel.ChannelInitializer.channelRegistered(ChannelInitializer.java:69) ~[netty-all-5.0.0.Alpha1.jar:5.0.0.Alpha1]
	at io.netty.channel.ChannelHandlerInvokerUtil.invokeChannelRegisteredNow(ChannelHandlerInvokerUtil.java:30) [netty-all-5.0.0.Alpha1.jar:5.0.0.Alpha1]
	at io.netty.channel.DefaultChannelHandlerInvoker.invokeChannelRegistered(DefaultChannelHandlerInvoker.java:49) [netty-all-5.0.0.Alpha1.jar:5.0.0.Alpha1]
	at io.netty.channel.DefaultChannelHandlerContext.fireChannelRegistered(DefaultChannelHandlerContext.java:285) [netty-all-5.0.0.Alpha1.jar:5.0.0.Alpha1]
	at io.netty.channel.DefaultChannelPipeline.fireChannelRegistered(DefaultChannelPipeline.java:801) [netty-all-5.0.0.Alpha1.jar:5.0.0.Alpha1]
	at io.netty.channel.AbstractChannel$AbstractUnsafe.register0(AbstractChannel.java:427) [netty-all-5.0.0.Alpha1.jar:5.0.0.Alpha1]
	at io.netty.channel.AbstractChannel$AbstractUnsafe.access$100(AbstractChannel.java:369) [netty-all-5.0.0.Alpha1.jar:5.0.0.Alpha1]
	at io.netty.channel.AbstractChannel$AbstractUnsafe$1.run(AbstractChannel.java:403) [netty-all-5.0.0.Alpha1.jar:5.0.0.Alpha1]
	at io.netty.util.concurrent.SingleThreadEventExecutor.runAllTasks(SingleThreadEventExecutor.java:318) [netty-all-5.0.0.Alpha1.jar:5.0.0.Alpha1]
	at io.netty.channel.nio.NioEventLoop.run(NioEventLoop.java:353) [netty-all-5.0.0.Alpha1.jar:5.0.0.Alpha1]
	at io.netty.util.concurrent.SingleThreadEventExecutor$5.run(SingleThreadEventExecutor.java:794) [netty-all-5.0.0.Alpha1.jar:5.0.0.Alpha1]
	at java.lang.Thread.run(Thread.java:745) [na:1.8.0_92]
Caused by: java.util.regex.PatternSyntaxException: Unclosed character class near index 9
.*[<>&\].*
         ^
	at java.util.regex.Pattern.error(Pattern.java:1955) ~[na:1.8.0_92]
	at java.util.regex.Pattern.clazz(Pattern.java:2548) ~[na:1.8.0_92]
	at java.util.regex.Pattern.sequence(Pattern.java:2063) ~[na:1.8.0_92]
	at java.util.regex.Pattern.expr(Pattern.java:1996) ~[na:1.8.0_92]
	at java.util.regex.Pattern.compile(Pattern.java:1696) ~[na:1.8.0_92]
	at java.util.regex.Pattern.<init>(Pattern.java:1351) ~[na:1.8.0_92]
	at java.util.regex.Pattern.compile(Pattern.java:1028) ~[na:1.8.0_92]
	at httpServer.handler.HttpServerHandler.<clinit>(HttpServerHandler.java:116) ~[classes/:na]
	... 14 common frames omitted
2016-10-05 13:01:04.523 [nioEventLoopGroup-3-1] WARN  io.netty.channel.ChannelInitializer -
				Failed to initialize a channel. Closing: [id: 0x493b1217, /0:0:0:0:0:0:0:1:60442 => /0:0:0:0:0:0:0:1:8008]
java.lang.NoClassDefFoundError: Could not initialize class httpServer.handler.HttpServerHandler
	at httpServer.server.HttpServer$1.initChannel(HttpServer.java:43) ~[classes/:na]
	at httpServer.server.HttpServer$1.initChannel(HttpServer.java:1) ~[classes/:na]
	at io.netty.channel.ChannelInitializer.channelRegistered(ChannelInitializer.java:69) ~[netty-all-5.0.0.Alpha1.jar:5.0.0.Alpha1]
	at io.netty.channel.ChannelHandlerInvokerUtil.invokeChannelRegisteredNow(ChannelHandlerInvokerUtil.java:30) [netty-all-5.0.0.Alpha1.jar:5.0.0.Alpha1]
	at io.netty.channel.DefaultChannelHandlerInvoker.invokeChannelRegistered(DefaultChannelHandlerInvoker.java:49) [netty-all-5.0.0.Alpha1.jar:5.0.0.Alpha1]
	at io.netty.channel.DefaultChannelHandlerContext.fireChannelRegistered(DefaultChannelHandlerContext.java:285) [netty-all-5.0.0.Alpha1.jar:5.0.0.Alpha1]
	at io.netty.channel.DefaultChannelPipeline.fireChannelRegistered(DefaultChannelPipeline.java:801) [netty-all-5.0.0.Alpha1.jar:5.0.0.Alpha1]
	at io.netty.channel.AbstractChannel$AbstractUnsafe.register0(AbstractChannel.java:427) [netty-all-5.0.0.Alpha1.jar:5.0.0.Alpha1]
	at io.netty.channel.AbstractChannel$AbstractUnsafe.access$100(AbstractChannel.java:369) [netty-all-5.0.0.Alpha1.jar:5.0.0.Alpha1]
	at io.netty.channel.AbstractChannel$AbstractUnsafe$1.run(AbstractChannel.java:403) [netty-all-5.0.0.Alpha1.jar:5.0.0.Alpha1]
	at io.netty.util.concurrent.SingleThreadEventExecutor.runAllTasks(SingleThreadEventExecutor.java:318) [netty-all-5.0.0.Alpha1.jar:5.0.0.Alpha1]
	at io.netty.channel.nio.NioEventLoop.run(NioEventLoop.java:353) [netty-all-5.0.0.Alpha1.jar:5.0.0.Alpha1]
	at io.netty.util.concurrent.SingleThreadEventExecutor$5.run(SingleThreadEventExecutor.java:794) [netty-all-5.0.0.Alpha1.jar:5.0.0.Alpha1]
	at java.lang.Thread.run(Thread.java:745) [na:1.8.0_92]
2016-10-05 13:01:04.647 [nioEventLoopGroup-3-3] WARN  io.netty.channel.ChannelInitializer -
				Failed to initialize a channel. Closing: [id: 0xe42a1941, /0:0:0:0:0:0:0:1:60444 => /0:0:0:0:0:0:0:1:8008]
java.lang.NoClassDefFoundError: Could not initialize class httpServer.handler.HttpServerHandler
	at httpServer.server.HttpServer$1.initChannel(HttpServer.java:43) ~[classes/:na]
	at httpServer.server.HttpServer$1.initChannel(HttpServer.java:1) ~[classes/:na]
	at io.netty.channel.ChannelInitializer.channelRegistered(ChannelInitializer.java:69) ~[netty-all-5.0.0.Alpha1.jar:5.0.0.Alpha1]
	at io.netty.channel.ChannelHandlerInvokerUtil.invokeChannelRegisteredNow(ChannelHandlerInvokerUtil.java:30) [netty-all-5.0.0.Alpha1.jar:5.0.0.Alpha1]
	at io.netty.channel.DefaultChannelHandlerInvoker.invokeChannelRegistered(DefaultChannelHandlerInvoker.java:49) [netty-all-5.0.0.Alpha1.jar:5.0.0.Alpha1]
	at io.netty.channel.DefaultChannelHandlerContext.fireChannelRegistered(DefaultChannelHandlerContext.java:285) [netty-all-5.0.0.Alpha1.jar:5.0.0.Alpha1]
	at io.netty.channel.DefaultChannelPipeline.fireChannelRegistered(DefaultChannelPipeline.java:801) [netty-all-5.0.0.Alpha1.jar:5.0.0.Alpha1]
	at io.netty.channel.AbstractChannel$AbstractUnsafe.register0(AbstractChannel.java:427) [netty-all-5.0.0.Alpha1.jar:5.0.0.Alpha1]
	at io.netty.channel.AbstractChannel$AbstractUnsafe.access$100(AbstractChannel.java:369) [netty-all-5.0.0.Alpha1.jar:5.0.0.Alpha1]
	at io.netty.channel.AbstractChannel$AbstractUnsafe$1.run(AbstractChannel.java:403) [netty-all-5.0.0.Alpha1.jar:5.0.0.Alpha1]
	at io.netty.util.concurrent.SingleThreadEventExecutor.runAllTasks(SingleThreadEventExecutor.java:318) [netty-all-5.0.0.Alpha1.jar:5.0.0.Alpha1]
	at io.netty.channel.nio.NioEventLoop.run(NioEventLoop.java:353) [netty-all-5.0.0.Alpha1.jar:5.0.0.Alpha1]
	at io.netty.util.concurrent.SingleThreadEventExecutor$5.run(SingleThreadEventExecutor.java:794) [netty-all-5.0.0.Alpha1.jar:5.0.0.Alpha1]
	at java.lang.Thread.run(Thread.java:745) [na:1.8.0_92]
2016-10-05 13:01:19.468 [nioEventLoopGroup-3-5] WARN  io.netty.channel.ChannelInitializer -
				Failed to initialize a channel. Closing: [id: 0x82b1cd53, /0:0:0:0:0:0:0:1:60450 => /0:0:0:0:0:0:0:1:8008]
java.lang.NoClassDefFoundError: Could not initialize class httpServer.handler.HttpServerHandler
	at httpServer.server.HttpServer$1.initChannel(HttpServer.java:43) ~[classes/:na]
	at httpServer.server.HttpServer$1.initChannel(HttpServer.java:1) ~[classes/:na]
	at io.netty.channel.ChannelInitializer.channelRegistered(ChannelInitializer.java:69) ~[netty-all-5.0.0.Alpha1.jar:5.0.0.Alpha1]
	at io.netty.channel.ChannelHandlerInvokerUtil.invokeChannelRegisteredNow(ChannelHandlerInvokerUtil.java:30) [netty-all-5.0.0.Alpha1.jar:5.0.0.Alpha1]
	at io.netty.channel.DefaultChannelHandlerInvoker.invokeChannelRegistered(DefaultChannelHandlerInvoker.java:49) [netty-all-5.0.0.Alpha1.jar:5.0.0.Alpha1]
	at io.netty.channel.DefaultChannelHandlerContext.fireChannelRegistered(DefaultChannelHandlerContext.java:285) [netty-all-5.0.0.Alpha1.jar:5.0.0.Alpha1]
	at io.netty.channel.DefaultChannelPipeline.fireChannelRegistered(DefaultChannelPipeline.java:801) [netty-all-5.0.0.Alpha1.jar:5.0.0.Alpha1]
	at io.netty.channel.AbstractChannel$AbstractUnsafe.register0(AbstractChannel.java:427) [netty-all-5.0.0.Alpha1.jar:5.0.0.Alpha1]
	at io.netty.channel.AbstractChannel$AbstractUnsafe.access$100(AbstractChannel.java:369) [netty-all-5.0.0.Alpha1.jar:5.0.0.Alpha1]
	at io.netty.channel.AbstractChannel$AbstractUnsafe$1.run(AbstractChannel.java:403) [netty-all-5.0.0.Alpha1.jar:5.0.0.Alpha1]
	at io.netty.util.concurrent.SingleThreadEventExecutor.runAllTasks(SingleThreadEventExecutor.java:318) [netty-all-5.0.0.Alpha1.jar:5.0.0.Alpha1]
	at io.netty.channel.nio.NioEventLoop.run(NioEventLoop.java:353) [netty-all-5.0.0.Alpha1.jar:5.0.0.Alpha1]
	at io.netty.util.concurrent.SingleThreadEventExecutor$5.run(SingleThreadEventExecutor.java:794) [netty-all-5.0.0.Alpha1.jar:5.0.0.Alpha1]
	at java.lang.Thread.run(Thread.java:745) [na:1.8.0_92]
2016-10-05 13:01:19.468 [nioEventLoopGroup-3-4] WARN  io.netty.channel.ChannelInitializer -
				Failed to initialize a channel. Closing: [id: 0x799bfd7e, /0:0:0:0:0:0:0:1:60449 => /0:0:0:0:0:0:0:1:8008]
java.lang.NoClassDefFoundError: Could not initialize class httpServer.handler.HttpServerHandler
	at httpServer.server.HttpServer$1.initChannel(HttpServer.java:43) ~[classes/:na]
	at httpServer.server.HttpServer$1.initChannel(HttpServer.java:1) ~[classes/:na]
	at io.netty.channel.ChannelInitializer.channelRegistered(ChannelInitializer.java:69) ~[netty-all-5.0.0.Alpha1.jar:5.0.0.Alpha1]
	at io.netty.channel.ChannelHandlerInvokerUtil.invokeChannelRegisteredNow(ChannelHandlerInvokerUtil.java:30) [netty-all-5.0.0.Alpha1.jar:5.0.0.Alpha1]
	at io.netty.channel.DefaultChannelHandlerInvoker.invokeChannelRegistered(DefaultChannelHandlerInvoker.java:49) [netty-all-5.0.0.Alpha1.jar:5.0.0.Alpha1]
	at io.netty.channel.DefaultChannelHandlerContext.fireChannelRegistered(DefaultChannelHandlerContext.java:285) [netty-all-5.0.0.Alpha1.jar:5.0.0.Alpha1]
	at io.netty.channel.DefaultChannelPipeline.fireChannelRegistered(DefaultChannelPipeline.java:801) [netty-all-5.0.0.Alpha1.jar:5.0.0.Alpha1]
	at io.netty.channel.AbstractChannel$AbstractUnsafe.register0(AbstractChannel.java:427) [netty-all-5.0.0.Alpha1.jar:5.0.0.Alpha1]
	at io.netty.channel.AbstractChannel$AbstractUnsafe.access$100(AbstractChannel.java:369) [netty-all-5.0.0.Alpha1.jar:5.0.0.Alpha1]
	at io.netty.channel.AbstractChannel$AbstractUnsafe$1.run(AbstractChannel.java:403) [netty-all-5.0.0.Alpha1.jar:5.0.0.Alpha1]
	at io.netty.util.concurrent.SingleThreadEventExecutor.runAllTasks(SingleThreadEventExecutor.java:318) [netty-all-5.0.0.Alpha1.jar:5.0.0.Alpha1]
	at io.netty.channel.nio.NioEventLoop.run(NioEventLoop.java:353) [netty-all-5.0.0.Alpha1.jar:5.0.0.Alpha1]
	at io.netty.util.concurrent.SingleThreadEventExecutor$5.run(SingleThreadEventExecutor.java:794) [netty-all-5.0.0.Alpha1.jar:5.0.0.Alpha1]
	at java.lang.Thread.run(Thread.java:745) [na:1.8.0_92]
2016-10-05 13:01:19.582 [nioEventLoopGroup-3-6] WARN  io.netty.channel.ChannelInitializer -
				Failed to initialize a channel. Closing: [id: 0x69df6457, /0:0:0:0:0:0:0:1:60451 => /0:0:0:0:0:0:0:1:8008]
java.lang.NoClassDefFoundError: Could not initialize class httpServer.handler.HttpServerHandler
	at httpServer.server.HttpServer$1.initChannel(HttpServer.java:43) ~[classes/:na]
	at httpServer.server.HttpServer$1.initChannel(HttpServer.java:1) ~[classes/:na]
	at io.netty.channel.ChannelInitializer.channelRegistered(ChannelInitializer.java:69) ~[netty-all-5.0.0.Alpha1.jar:5.0.0.Alpha1]
	at io.netty.channel.ChannelHandlerInvokerUtil.invokeChannelRegisteredNow(ChannelHandlerInvokerUtil.java:30) [netty-all-5.0.0.Alpha1.jar:5.0.0.Alpha1]
	at io.netty.channel.DefaultChannelHandlerInvoker.invokeChannelRegistered(DefaultChannelHandlerInvoker.java:49) [netty-all-5.0.0.Alpha1.jar:5.0.0.Alpha1]
	at io.netty.channel.DefaultChannelHandlerContext.fireChannelRegistered(DefaultChannelHandlerContext.java:285) [netty-all-5.0.0.Alpha1.jar:5.0.0.Alpha1]
	at io.netty.channel.DefaultChannelPipeline.fireChannelRegistered(DefaultChannelPipeline.java:801) [netty-all-5.0.0.Alpha1.jar:5.0.0.Alpha1]
	at io.netty.channel.AbstractChannel$AbstractUnsafe.register0(AbstractChannel.java:427) [netty-all-5.0.0.Alpha1.jar:5.0.0.Alpha1]
	at io.netty.channel.AbstractChannel$AbstractUnsafe.access$100(AbstractChannel.java:369) [netty-all-5.0.0.Alpha1.jar:5.0.0.Alpha1]
	at io.netty.channel.AbstractChannel$AbstractUnsafe$1.run(AbstractChannel.java:403) [netty-all-5.0.0.Alpha1.jar:5.0.0.Alpha1]
	at io.netty.util.concurrent.SingleThreadEventExecutor.runAllTasks(SingleThreadEventExecutor.java:318) [netty-all-5.0.0.Alpha1.jar:5.0.0.Alpha1]
	at io.netty.channel.nio.NioEventLoop.run(NioEventLoop.java:353) [netty-all-5.0.0.Alpha1.jar:5.0.0.Alpha1]
	at io.netty.util.concurrent.SingleThreadEventExecutor$5.run(SingleThreadEventExecutor.java:794) [netty-all-5.0.0.Alpha1.jar:5.0.0.Alpha1]
	at java.lang.Thread.run(Thread.java:745) [na:1.8.0_92]
2016-10-05 13:01:34.289 [nioEventLoopGroup-3-1] WARN  io.netty.channel.ChannelInitializer -
				Failed to initialize a channel. Closing: [id: 0x9c687474, /0:0:0:0:0:0:0:1:60490 => /0:0:0:0:0:0:0:1:8008]
java.lang.ExceptionInInitializerError: null
	at httpServer.server.HttpServer$1.initChannel(HttpServer.java:43) ~[classes/:na]
	at httpServer.server.HttpServer$1.initChannel(HttpServer.java:1) ~[classes/:na]
	at io.netty.channel.ChannelInitializer.channelRegistered(ChannelInitializer.java:69) ~[netty-all-5.0.0.Alpha1.jar:5.0.0.Alpha1]
	at io.netty.channel.ChannelHandlerInvokerUtil.invokeChannelRegisteredNow(ChannelHandlerInvokerUtil.java:30) [netty-all-5.0.0.Alpha1.jar:5.0.0.Alpha1]
	at io.netty.channel.DefaultChannelHandlerInvoker.invokeChannelRegistered(DefaultChannelHandlerInvoker.java:49) [netty-all-5.0.0.Alpha1.jar:5.0.0.Alpha1]
	at io.netty.channel.DefaultChannelHandlerContext.fireChannelRegistered(DefaultChannelHandlerContext.java:285) [netty-all-5.0.0.Alpha1.jar:5.0.0.Alpha1]
	at io.netty.channel.DefaultChannelPipeline.fireChannelRegistered(DefaultChannelPipeline.java:801) [netty-all-5.0.0.Alpha1.jar:5.0.0.Alpha1]
	at io.netty.channel.AbstractChannel$AbstractUnsafe.register0(AbstractChannel.java:427) [netty-all-5.0.0.Alpha1.jar:5.0.0.Alpha1]
	at io.netty.channel.AbstractChannel$AbstractUnsafe.access$100(AbstractChannel.java:369) [netty-all-5.0.0.Alpha1.jar:5.0.0.Alpha1]
	at io.netty.channel.AbstractChannel$AbstractUnsafe$1.run(AbstractChannel.java:403) [netty-all-5.0.0.Alpha1.jar:5.0.0.Alpha1]
	at io.netty.util.concurrent.SingleThreadEventExecutor.runAllTasks(SingleThreadEventExecutor.java:318) [netty-all-5.0.0.Alpha1.jar:5.0.0.Alpha1]
	at io.netty.channel.nio.NioEventLoop.run(NioEventLoop.java:353) [netty-all-5.0.0.Alpha1.jar:5.0.0.Alpha1]
	at io.netty.util.concurrent.SingleThreadEventExecutor$5.run(SingleThreadEventExecutor.java:794) [netty-all-5.0.0.Alpha1.jar:5.0.0.Alpha1]
	at java.lang.Thread.run(Thread.java:745) [na:1.8.0_92]
Caused by: java.util.regex.PatternSyntaxException: Unclosed character class near index 9
.*[<>&\].*
         ^
	at java.util.regex.Pattern.error(Pattern.java:1955) ~[na:1.8.0_92]
	at java.util.regex.Pattern.clazz(Pattern.java:2548) ~[na:1.8.0_92]
	at java.util.regex.Pattern.sequence(Pattern.java:2063) ~[na:1.8.0_92]
	at java.util.regex.Pattern.expr(Pattern.java:1996) ~[na:1.8.0_92]
	at java.util.regex.Pattern.compile(Pattern.java:1696) ~[na:1.8.0_92]
	at java.util.regex.Pattern.<init>(Pattern.java:1351) ~[na:1.8.0_92]
	at java.util.regex.Pattern.compile(Pattern.java:1028) ~[na:1.8.0_92]
	at httpServer.handler.HttpServerHandler.<clinit>(HttpServerHandler.java:116) ~[classes/:na]
	... 14 common frames omitted
2016-10-05 13:01:34.289 [nioEventLoopGroup-3-2] WARN  io.netty.channel.ChannelInitializer -
				Failed to initialize a channel. Closing: [id: 0xfd9da14b, /0:0:0:0:0:0:0:1:60491 => /0:0:0:0:0:0:0:1:8008]
java.lang.NoClassDefFoundError: Could not initialize class httpServer.handler.HttpServerHandler
	at httpServer.server.HttpServer$1.initChannel(HttpServer.java:43) ~[classes/:na]
	at httpServer.server.HttpServer$1.initChannel(HttpServer.java:1) ~[classes/:na]
	at io.netty.channel.ChannelInitializer.channelRegistered(ChannelInitializer.java:69) ~[netty-all-5.0.0.Alpha1.jar:5.0.0.Alpha1]
	at io.netty.channel.ChannelHandlerInvokerUtil.invokeChannelRegisteredNow(ChannelHandlerInvokerUtil.java:30) [netty-all-5.0.0.Alpha1.jar:5.0.0.Alpha1]
	at io.netty.channel.DefaultChannelHandlerInvoker.invokeChannelRegistered(DefaultChannelHandlerInvoker.java:49) [netty-all-5.0.0.Alpha1.jar:5.0.0.Alpha1]
	at io.netty.channel.DefaultChannelHandlerContext.fireChannelRegistered(DefaultChannelHandlerContext.java:285) [netty-all-5.0.0.Alpha1.jar:5.0.0.Alpha1]
	at io.netty.channel.DefaultChannelPipeline.fireChannelRegistered(DefaultChannelPipeline.java:801) [netty-all-5.0.0.Alpha1.jar:5.0.0.Alpha1]
	at io.netty.channel.AbstractChannel$AbstractUnsafe.register0(AbstractChannel.java:427) [netty-all-5.0.0.Alpha1.jar:5.0.0.Alpha1]
	at io.netty.channel.AbstractChannel$AbstractUnsafe.access$100(AbstractChannel.java:369) [netty-all-5.0.0.Alpha1.jar:5.0.0.Alpha1]
	at io.netty.channel.AbstractChannel$AbstractUnsafe$1.run(AbstractChannel.java:403) [netty-all-5.0.0.Alpha1.jar:5.0.0.Alpha1]
	at io.netty.util.concurrent.SingleThreadEventExecutor.runAllTasks(SingleThreadEventExecutor.java:318) [netty-all-5.0.0.Alpha1.jar:5.0.0.Alpha1]
	at io.netty.channel.nio.NioEventLoop.run(NioEventLoop.java:353) [netty-all-5.0.0.Alpha1.jar:5.0.0.Alpha1]
	at io.netty.util.concurrent.SingleThreadEventExecutor$5.run(SingleThreadEventExecutor.java:794) [netty-all-5.0.0.Alpha1.jar:5.0.0.Alpha1]
	at java.lang.Thread.run(Thread.java:745) [na:1.8.0_92]
2016-10-05 13:01:34.420 [nioEventLoopGroup-3-3] WARN  io.netty.channel.ChannelInitializer -
				Failed to initialize a channel. Closing: [id: 0xee18e3c9, /0:0:0:0:0:0:0:1:60492 => /0:0:0:0:0:0:0:1:8008]
java.lang.NoClassDefFoundError: Could not initialize class httpServer.handler.HttpServerHandler
	at httpServer.server.HttpServer$1.initChannel(HttpServer.java:43) ~[classes/:na]
	at httpServer.server.HttpServer$1.initChannel(HttpServer.java:1) ~[classes/:na]
	at io.netty.channel.ChannelInitializer.channelRegistered(ChannelInitializer.java:69) ~[netty-all-5.0.0.Alpha1.jar:5.0.0.Alpha1]
	at io.netty.channel.ChannelHandlerInvokerUtil.invokeChannelRegisteredNow(ChannelHandlerInvokerUtil.java:30) [netty-all-5.0.0.Alpha1.jar:5.0.0.Alpha1]
	at io.netty.channel.DefaultChannelHandlerInvoker.invokeChannelRegistered(DefaultChannelHandlerInvoker.java:49) [netty-all-5.0.0.Alpha1.jar:5.0.0.Alpha1]
	at io.netty.channel.DefaultChannelHandlerContext.fireChannelRegistered(DefaultChannelHandlerContext.java:285) [netty-all-5.0.0.Alpha1.jar:5.0.0.Alpha1]
	at io.netty.channel.DefaultChannelPipeline.fireChannelRegistered(DefaultChannelPipeline.java:801) [netty-all-5.0.0.Alpha1.jar:5.0.0.Alpha1]
	at io.netty.channel.AbstractChannel$AbstractUnsafe.register0(AbstractChannel.java:427) [netty-all-5.0.0.Alpha1.jar:5.0.0.Alpha1]
	at io.netty.channel.AbstractChannel$AbstractUnsafe.access$100(AbstractChannel.java:369) [netty-all-5.0.0.Alpha1.jar:5.0.0.Alpha1]
	at io.netty.channel.AbstractChannel$AbstractUnsafe$1.run(AbstractChannel.java:403) [netty-all-5.0.0.Alpha1.jar:5.0.0.Alpha1]
	at io.netty.util.concurrent.SingleThreadEventExecutor.runAllTasks(SingleThreadEventExecutor.java:318) [netty-all-5.0.0.Alpha1.jar:5.0.0.Alpha1]
	at io.netty.channel.nio.NioEventLoop.run(NioEventLoop.java:353) [netty-all-5.0.0.Alpha1.jar:5.0.0.Alpha1]
	at io.netty.util.concurrent.SingleThreadEventExecutor$5.run(SingleThreadEventExecutor.java:794) [netty-all-5.0.0.Alpha1.jar:5.0.0.Alpha1]
	at java.lang.Thread.run(Thread.java:745) [na:1.8.0_92]
2016-10-05 13:06:34.680 [nioEventLoopGroup-3-4] WARN  io.netty.channel.ChannelInitializer -
				Failed to initialize a channel. Closing: [id: 0xdac9eb44, /0:0:0:0:0:0:0:1:60542 => /0:0:0:0:0:0:0:1:8008]
java.lang.NoClassDefFoundError: Could not initialize class httpServer.handler.HttpServerHandler
	at httpServer.server.HttpServer$1.initChannel(HttpServer.java:43) ~[classes/:na]
	at httpServer.server.HttpServer$1.initChannel(HttpServer.java:1) ~[classes/:na]
	at io.netty.channel.ChannelInitializer.channelRegistered(ChannelInitializer.java:69) ~[netty-all-5.0.0.Alpha1.jar:5.0.0.Alpha1]
	at io.netty.channel.ChannelHandlerInvokerUtil.invokeChannelRegisteredNow(ChannelHandlerInvokerUtil.java:30) [netty-all-5.0.0.Alpha1.jar:5.0.0.Alpha1]
	at io.netty.channel.DefaultChannelHandlerInvoker.invokeChannelRegistered(DefaultChannelHandlerInvoker.java:49) [netty-all-5.0.0.Alpha1.jar:5.0.0.Alpha1]
	at io.netty.channel.DefaultChannelHandlerContext.fireChannelRegistered(DefaultChannelHandlerContext.java:285) [netty-all-5.0.0.Alpha1.jar:5.0.0.Alpha1]
	at io.netty.channel.DefaultChannelPipeline.fireChannelRegistered(DefaultChannelPipeline.java:801) [netty-all-5.0.0.Alpha1.jar:5.0.0.Alpha1]
	at io.netty.channel.AbstractChannel$AbstractUnsafe.register0(AbstractChannel.java:427) [netty-all-5.0.0.Alpha1.jar:5.0.0.Alpha1]
	at io.netty.channel.AbstractChannel$AbstractUnsafe.access$100(AbstractChannel.java:369) [netty-all-5.0.0.Alpha1.jar:5.0.0.Alpha1]
	at io.netty.channel.AbstractChannel$AbstractUnsafe$1.run(AbstractChannel.java:403) [netty-all-5.0.0.Alpha1.jar:5.0.0.Alpha1]
	at io.netty.util.concurrent.SingleThreadEventExecutor.runAllTasks(SingleThreadEventExecutor.java:318) [netty-all-5.0.0.Alpha1.jar:5.0.0.Alpha1]
	at io.netty.channel.nio.NioEventLoop.run(NioEventLoop.java:353) [netty-all-5.0.0.Alpha1.jar:5.0.0.Alpha1]
	at io.netty.util.concurrent.SingleThreadEventExecutor$5.run(SingleThreadEventExecutor.java:794) [netty-all-5.0.0.Alpha1.jar:5.0.0.Alpha1]
	at java.lang.Thread.run(Thread.java:745) [na:1.8.0_92]
